  Generate moc_predefs.h
  Moc'ing mainwindow.h...
  Uic'ing mainwindow.ui...
  expcode.cpp
  main.cpp
  mainwindow.cpp
  mat.cpp
c:\users\23925\desktop\------\imageedit\mat.cpp(42): warning C4244: “初始化”: 从“double”转换到“float”，可能丢失数据
c:\users\23925\desktop\------\imageedit\mat.cpp(44): warning C4244: “=”: 从“double”转换到“float”，可能丢失数据
c:\users\23925\desktop\------\imageedit\mat.cpp(45): warning C4244: “=”: 从“double”转换到“float”，可能丢失数据
c:\users\23925\desktop\------\imageedit\mat.cpp(74): warning C4244: “=”: 从“float”转换到“int”，可能丢失数据
c:\users\23925\desktop\------\imageedit\mat.cpp(75): warning C4244: “=”: 从“float”转换到“int”，可能丢失数据
c:\users\23925\desktop\------\imageedit\mat.cpp(112): warning C4244: “初始化”: 从“double”转换到“int”，可能丢失数据
c:\users\23925\desktop\------\imageedit\mat.cpp(122): warning C4244: “=”: 从“float”转换到“int”，可能丢失数据
c:\users\23925\desktop\------\imageedit\expcode.cpp(125): warning C4244: “=”: 从“double”转换到“float”，可能丢失数据
c:\users\23925\desktop\------\imageedit\expcode.cpp(198): warning C4100: “mwidth”: 未引用的形参
c:\users\23925\desktop\------\imageedit\expcode.cpp(198): warning C4100: “mheight”: 未引用的形参
c:\users\23925\desktop\------\imageedit\expcode.cpp(198): warning C4100: “pixelmat”: 未引用的形参
c:\users\23925\desktop\------\imageedit\expcode.cpp(223): warning C4244: “=”: 从“float”转换到“int”，可能丢失数据
c:\users\23925\desktop\------\imageedit\expcode.cpp(230): warning C4100: “mwidth”: 未引用的形参
c:\users\23925\desktop\------\imageedit\expcode.cpp(230): warning C4100: “mheight”: 未引用的形参
c:\users\23925\desktop\------\imageedit\expcode.cpp(230): warning C4100: “pixelmat”: 未引用的形参
c:\users\23925\desktop\------\imageedit\expcode.cpp(236): warning C4100: “mwidth”: 未引用的形参
c:\users\23925\desktop\------\imageedit\expcode.cpp(236): warning C4100: “mheight”: 未引用的形参
c:\users\23925\desktop\------\imageedit\expcode.cpp(236): warning C4100: “pixelmat”: 未引用的形参
c:\users\23925\desktop\------\imageedit\expcode.cpp(242): warning C4100: “mwidth”: 未引用的形参
c:\users\23925\desktop\------\imageedit\expcode.cpp(242): warning C4100: “mheight”: 未引用的形参
c:\users\23925\desktop\------\imageedit\expcode.cpp(242): warning C4100: “pixelmat”: 未引用的形参
c:\users\23925\desktop\------\imageedit\expcode.cpp(248): warning C4100: “mwidth”: 未引用的形参
c:\users\23925\desktop\------\imageedit\expcode.cpp(248): warning C4100: “mheight”: 未引用的形参
c:\users\23925\desktop\------\imageedit\expcode.cpp(248): warning C4100: “pixelmat”: 未引用的形参
c:\users\23925\desktop\------\imageedit\expcode.cpp(270): warning C4100: “mwidth”: 未引用的形参
c:\users\23925\desktop\------\imageedit\expcode.cpp(270): warning C4100: “mheight”: 未引用的形参
c:\users\23925\desktop\------\imageedit\expcode.cpp(270): warning C4100: “pixelmat”: 未引用的形参
c:\users\23925\desktop\------\imageedit\expcode.cpp(270): warning C4100: “framemat”: 未引用的形参
c:\users\23925\desktop\------\imageedit\expcode.cpp(276): warning C4100: “mwidth”: 未引用的形参
c:\users\23925\desktop\------\imageedit\expcode.cpp(276): warning C4100: “mheight”: 未引用的形参
c:\users\23925\desktop\------\imageedit\expcode.cpp(276): warning C4100: “pixelmat”: 未引用的形参
c:\users\23925\desktop\------\imageedit\expcode.cpp(276): warning C4100: “framemat”: 未引用的形参
c:\users\23925\desktop\------\imageedit\expcode.cpp(282): warning C4100: “mwidth”: 未引用的形参
c:\users\23925\desktop\------\imageedit\expcode.cpp(282): warning C4100: “mheight”: 未引用的形参
c:\users\23925\desktop\------\imageedit\expcode.cpp(282): warning C4100: “pixelmat”: 未引用的形参
c:\users\23925\desktop\------\imageedit\expcode.cpp(282): warning C4100: “framemat”: 未引用的形参
c:\users\23925\desktop\------\imageedit\expcode.cpp(298): warning C4100: “mwidth”: 未引用的形参
c:\users\23925\desktop\------\imageedit\expcode.cpp(298): warning C4100: “mheight”: 未引用的形参
c:\users\23925\desktop\------\imageedit\expcode.cpp(298): warning C4100: “pixelmat”: 未引用的形参
c:\users\23925\desktop\------\imageedit\expcode.cpp(304): warning C4100: “mwidth”: 未引用的形参
c:\users\23925\desktop\------\imageedit\expcode.cpp(304): warning C4100: “mheight”: 未引用的形参
c:\users\23925\desktop\------\imageedit\expcode.cpp(304): warning C4100: “pixelmat”: 未引用的形参
c:\users\23925\desktop\------\imageedit\expcode.cpp(310): warning C4100: “mwidth”: 未引用的形参
c:\users\23925\desktop\------\imageedit\expcode.cpp(310): warning C4100: “mheight”: 未引用的形参
c:\users\23925\desktop\------\imageedit\expcode.cpp(310): warning C4100: “pixelmat”: 未引用的形参
c:\users\23925\desktop\------\imageedit\expcode.cpp(316): warning C4100: “mwidth”: 未引用的形参
c:\users\23925\desktop\------\imageedit\expcode.cpp(316): warning C4100: “mheight”: 未引用的形参
c:\users\23925\desktop\------\imageedit\expcode.cpp(316): warning C4100: “pixelmat”: 未引用的形参
c:\users\23925\desktop\------\imageedit\expcode.cpp(322): warning C4100: “mwidth”: 未引用的形参
c:\users\23925\desktop\------\imageedit\expcode.cpp(322): warning C4100: “mheight”: 未引用的形参
c:\users\23925\desktop\------\imageedit\expcode.cpp(322): warning C4100: “pixelmat”: 未引用的形参
c:\users\23925\desktop\------\imageedit\expcode.cpp(328): warning C4100: “mwidth”: 未引用的形参
c:\users\23925\desktop\------\imageedit\expcode.cpp(328): warning C4100: “mheight”: 未引用的形参
c:\users\23925\desktop\------\imageedit\expcode.cpp(328): warning C4100: “pixelmat”: 未引用的形参
c:\users\23925\desktop\------\imageedit\expcode.cpp(334): warning C4100: “mwidth”: 未引用的形参
c:\users\23925\desktop\------\imageedit\expcode.cpp(334): warning C4100: “mheight”: 未引用的形参
c:\users\23925\desktop\------\imageedit\expcode.cpp(334): warning C4100: “pixelmat”: 未引用的形参
c:\users\23925\desktop\------\imageedit\expcode.cpp(341): warning C4100: “mwidth”: 未引用的形参
c:\users\23925\desktop\------\imageedit\expcode.cpp(341): warning C4100: “mheight”: 未引用的形参
c:\users\23925\desktop\------\imageedit\expcode.cpp(341): warning C4100: “pixelmat”: 未引用的形参
  moc_mainwindow.cpp
  ImageEdit.vcxproj -> C:\Users\23925\Desktop\------\ImageEdit\debug\ImageEdit.exe
