c:\users\23925\desktop\------\imageedit\x64\debug\expcode.obj
c:\users\23925\desktop\------\imageedit\x64\debug\mainwindow.obj
c:\users\23925\desktop\------\imageedit\x64\debug\mat.obj
c:\users\23925\desktop\------\imageedit\x64\debug\main.obj
c:\users\23925\desktop\------\imageedit\x64\debug\vc141.pdb
c:\users\23925\desktop\------\imageedit\x64\debug\moc_mainwindow.obj
c:\users\23925\desktop\------\imageedit\debug\moc_predefs.h
c:\users\23925\desktop\------\imageedit\generatedfiles\debug\moc_mainwindow.cpp
c:\users\23925\desktop\------\imageedit\generatedfiles\ui_mainwindow.h
c:\users\23925\desktop\------\imageedit\debug\imageedit.ilk
c:\users\23925\desktop\------\imageedit\debug\imageedit.exe
c:\users\23925\desktop\------\imageedit\debug\imageedit.pdb
c:\users\23925\desktop\------\imageedit\x64\debug\imageedit.res
c:\users\23925\desktop\------\imageedit\x64\debug\imageedit.tlog\cl.command.1.tlog
c:\users\23925\desktop\------\imageedit\x64\debug\imageedit.tlog\cl.read.1.tlog
c:\users\23925\desktop\------\imageedit\x64\debug\imageedit.tlog\cl.write.1.tlog
c:\users\23925\desktop\------\imageedit\x64\debug\imageedit.tlog\custombuild.command.1.tlog
c:\users\23925\desktop\------\imageedit\x64\debug\imageedit.tlog\custombuild.read.1.tlog
c:\users\23925\desktop\------\imageedit\x64\debug\imageedit.tlog\custombuild.write.1.tlog
c:\users\23925\desktop\------\imageedit\x64\debug\imageedit.tlog\imageedit.write.1u.tlog
c:\users\23925\desktop\------\imageedit\x64\debug\imageedit.tlog\link.command.1.tlog
c:\users\23925\desktop\------\imageedit\x64\debug\imageedit.tlog\link.read.1.tlog
c:\users\23925\desktop\------\imageedit\x64\debug\imageedit.tlog\link.write.1.tlog
c:\users\23925\desktop\------\imageedit\x64\debug\imageedit.tlog\rc.command.1.tlog
c:\users\23925\desktop\------\imageedit\x64\debug\imageedit.tlog\rc.read.1.tlog
c:\users\23925\desktop\------\imageedit\x64\debug\imageedit.tlog\rc.write.1.tlog
