C:\USERS\ADMINISTRATOR\DOCUMENTS\QT\IMAGEEDIT_PARTIAL\WIN32\DEBUG\MAINWINDOW.OBJ
C:\USERS\ADMINISTRATOR\DOCUMENTS\QT\IMAGEEDIT_PARTIAL\WIN32\DEBUG\MAIN.OBJ
C:\USERS\ADMINISTRATOR\DOCUMENTS\QT\IMAGEEDIT_PARTIAL\WIN32\DEBUG\MOC_MAINWINDOW.OBJ
C:\USERS\ADMINISTRATOR\DOCUMENTS\QT\IMAGEEDIT_PARTIAL\WIN32\DEBUG\VC110.PDB
C:\USERS\ADMINISTRATOR\DOCUMENTS\QT\IMAGEEDIT\WIN32\DEBUG\MAINWINDOW.OBJ
C:\USERS\ADMINISTRATOR\DOCUMENTS\QT\IMAGEEDIT\WIN32\DEBUG\MAIN.OBJ
C:\USERS\ADMINISTRATOR\DOCUMENTS\QT\IMAGEEDIT\WIN32\DEBUG\MOC_MAINWINDOW.OBJ
C:\USERS\ADMINISTRATOR\DOCUMENTS\QT\IMAGEEDIT\WIN32\DEBUG\VC110.PDB
C:\USERS\ADMINISTRATOR\DOCUMENTS\QT\IMAGEEDIT\WIN32\DEBUG\EXPCODE.OBJ
C:\USERS\ADMINISTRATOR\DOCUMENTS\QT\IMAGEEDIT_PARTIAL\GENERATEDFILES\UI_MAINWINDOW.H
C:\USERS\ADMINISTRATOR\DOCUMENTS\QT\IMAGEEDIT\GENERATEDFILES\DEBUG\MOC_MAINWINDOW.CPP
C:\USERS\ADMINISTRATOR\DOCUMENTS\QT\IMAGEEDIT\GENERATEDFILES\UI_MAINWINDOW.H
C:\USERS\ADMINISTRATOR\DOCUMENTS\QT\IMAGEEDIT_PARTIAL\DEBUG\IMAGEEDIT.ILK
C:\USERS\ADMINISTRATOR\DOCUMENTS\QT\IMAGEEDIT_PARTIAL\DEBUG\IMAGEEDIT.EXE
C:\USERS\ADMINISTRATOR\DOCUMENTS\QT\IMAGEEDIT_PARTIAL\DEBUG\IMAGEEDIT.PDB
C:\USERS\ADMINISTRATOR\DOCUMENTS\QT\IMAGEEDIT\DEBUG\IMAGEEDIT.ILK
C:\USERS\ADMINISTRATOR\DOCUMENTS\QT\IMAGEEDIT\DEBUG\IMAGEEDIT.EXE
C:\USERS\ADMINISTRATOR\DOCUMENTS\QT\IMAGEEDIT\DEBUG\IMAGEEDIT.PDB
C:\USERS\ADMINISTRATOR\DOCUMENTS\QT\IMAGEEDIT_PARTIAL\WIN32\DEBUG\IMAGEEDIT.RES
C:\USERS\ADMINISTRATOR\DOCUMENTS\QT\IMAGEEDIT\WIN32\DEBUG\IMAGEEDIT.RES
C:\Users\Administrator\Documents\Qt\ImageEdit\Win32\Debug\expcode.obj
C:\Users\Administrator\Documents\Qt\ImageEdit\Win32\Debug\main.obj
C:\Users\Administrator\Documents\Qt\ImageEdit\Win32\Debug\mainwindow.obj
C:\Users\Administrator\Documents\Qt\ImageEdit\Win32\Debug\moc_mainwindow.obj
C:\Users\Administrator\Documents\Qt\ImageEdit\Win32\Debug\cl.command.1.tlog
C:\Users\Administrator\Documents\Qt\ImageEdit\Win32\Debug\CL.read.1.tlog
C:\Users\Administrator\Documents\Qt\ImageEdit\Win32\Debug\CL.write.1.tlog
C:\Users\Administrator\Documents\Qt\ImageEdit\Win32\Debug\custombuild.command.1.tlog
C:\Users\Administrator\Documents\Qt\ImageEdit\Win32\Debug\custombuild.read.1.tlog
C:\Users\Administrator\Documents\Qt\ImageEdit\Win32\Debug\custombuild.write.1.tlog
C:\Users\Administrator\Documents\Qt\ImageEdit\Win32\Debug\link-cvtres.read.1.tlog
C:\Users\Administrator\Documents\Qt\ImageEdit\Win32\Debug\link-cvtres.write.1.tlog
C:\Users\Administrator\Documents\Qt\ImageEdit\Win32\Debug\link-rc.read.1.tlog
C:\Users\Administrator\Documents\Qt\ImageEdit\Win32\Debug\link-rc.write.1.tlog
C:\Users\Administrator\Documents\Qt\ImageEdit\Win32\Debug\link.8208-cvtres.read.1.tlog
C:\Users\Administrator\Documents\Qt\ImageEdit\Win32\Debug\link.8208-cvtres.write.1.tlog
C:\Users\Administrator\Documents\Qt\ImageEdit\Win32\Debug\link.8208-rc.read.1.tlog
C:\Users\Administrator\Documents\Qt\ImageEdit\Win32\Debug\link.8208-rc.write.1.tlog
C:\Users\Administrator\Documents\Qt\ImageEdit\Win32\Debug\link.8208.read.1.tlog
C:\Users\Administrator\Documents\Qt\ImageEdit\Win32\Debug\link.8208.write.1.tlog
C:\Users\Administrator\Documents\Qt\ImageEdit\Win32\Debug\link.command.1.tlog
C:\Users\Administrator\Documents\Qt\ImageEdit\Win32\Debug\link.read.1.tlog
C:\Users\Administrator\Documents\Qt\ImageEdit\Win32\Debug\link.write.1.tlog
C:\Users\Administrator\Documents\Qt\ImageEdit\Win32\Debug\rc.command.1.tlog
C:\Users\Administrator\Documents\Qt\ImageEdit\Win32\Debug\rc.read.1.tlog
C:\Users\Administrator\Documents\Qt\ImageEdit\Win32\Debug\rc.write.1.tlog
C:\Users\Administrator\Documents\Qt\ImageEdit\Win32\Debug\ImageEdit.res
C:\Users\Administrator\Documents\Qt\ImageEdit\Win32\Debug\vc110.pdb
